<?xml version="1.0" encoding="UTF-8"?>
<!-- Generated by org.testng.reporters.JUnitReportReporter -->
<testsuite hostname="01LTP0053" name="SampleProjectForGIT.GITSampleProject.ApplicationTest" tests="3" failures="0" timestamp="29 Jun 2016 09:33:53 GMT" time="0.003" errors="0">
  <testcase name="tc_003_TestCase3" time="0.001" classname="SampleProjectForGIT.GITSampleProject.ApplicationTest"/>
  <testcase name="tc_002_TestCase2" time="0.001" classname="SampleProjectForGIT.GITSampleProject.ApplicationTest"/>
  <testcase name="tc_001_TestCase1" time="0.001" classname="SampleProjectForGIT.GITSampleProject.ApplicationTest"/>
</testsuite> <!-- SampleProjectForGIT.GITSampleProject.ApplicationTest -->
